<?xml version="1.0" encoding="UTF-8"?>
<robot generator="Robot 7.0.1 (Python 3.12.0 on win32)" generated="2024-09-09T17:31:39.644108" rpa="false" schemaversion="5">
<suite id="s1" name="TC BDD" source="D:\Proiecte_Python\GIT_ROBOT_AUTOMATION\RobotAutomation\TestCases\BDDTesting\TC_BDD.robot">
<test id="s1-t1" name="Test Case in BDD Format" line="9">
<kw name="Given Start Browser and Maximize" owner="Resources1">
<kw name="Open Browser" owner="SeleniumLibrary">
<msg time="2024-09-09T17:31:39.816158" level="INFO">Opening browser 'Chrome' to base url 'http://www.thetestingworld.com/testings'.</msg>
<arg>${UserUrl}</arg>
<arg>${InputBrowser}</arg>
<doc>Opens a new browser instance to the optional ``url``.</doc>
<status status="PASS" start="2024-09-09T17:31:39.816158" elapsed="1.898923"/>
</kw>
<kw name="Maximize Browser Window" owner="SeleniumLibrary">
<doc>Maximizes current browser window.</doc>
<status status="PASS" start="2024-09-09T17:31:41.715081" elapsed="0.360938"/>
</kw>
<arg>${Url}</arg>
<arg>${Browser}</arg>
<doc>Documentation at Keyword level</doc>
<status status="PASS" start="2024-09-09T17:31:39.815157" elapsed="2.260862"/>
</kw>
<kw name="When Create Folder at Runtime" owner="Resources1">
<kw name="Create Folder" owner="UserKeywords">
<arg>${foldername}</arg>
<status status="PASS" start="2024-09-09T17:31:42.077019" elapsed="0.000000"/>
</kw>
<kw name="Create Sub Folder" owner="UserKeywords">
<arg>${subfoldername}</arg>
<status status="PASS" start="2024-09-09T17:31:42.077019" elapsed="0.000000"/>
</kw>
<kw name="Log" owner="BuiltIn">
<msg time="2024-09-09T17:31:42.078020" level="INFO">"Task Done Successfuly"</msg>
<arg>"Task Done Successfuly"</arg>
<doc>Logs the given message with the given level.</doc>
<status status="PASS" start="2024-09-09T17:31:42.078020" elapsed="0.000000"/>
</kw>
<arg>acdb</arg>
<arg>zxcv</arg>
<status status="PASS" start="2024-09-09T17:31:42.076019" elapsed="0.002001"/>
</kw>
<kw name="Then Concatenate Username and Password" owner="Resources1">
<kw name="Concatenate Two Values" owner="UserKeywords">
<msg time="2024-09-09T17:31:42.078020" level="INFO">${resultval} = Testing World</msg>
<var>${resultval}</var>
<arg>${username}</arg>
<arg>${password}</arg>
<status status="PASS" start="2024-09-09T17:31:42.078020" elapsed="0.000000"/>
</kw>
<kw name="Log" owner="BuiltIn">
<msg time="2024-09-09T17:31:42.079020" level="INFO">Testing World</msg>
<arg>${resultval}</arg>
<doc>Logs the given message with the given level.</doc>
<status status="PASS" start="2024-09-09T17:31:42.078020" elapsed="0.001000"/>
</kw>
<arg>Testing</arg>
<arg>World</arg>
<status status="PASS" start="2024-09-09T17:31:42.078020" elapsed="0.001000"/>
</kw>
<status status="PASS" start="2024-09-09T17:31:39.814149" elapsed="2.264871"/>
</test>
<status status="PASS" start="2024-09-09T17:31:39.645108" elapsed="2.433912"/>
</suite>
<statistics>
<total>
<stat pass="1" fail="0" skip="0">All Tests</stat>
</total>
<tag>
</tag>
<suite>
<stat pass="1" fail="0" skip="0" id="s1" name="TC BDD">TC BDD</stat>
</suite>
</statistics>
<errors>
</errors>
</robot>
